[debug] [2022-11-25T22:21:31.388Z] ----------------------------------------------------------------------
[debug] [2022-11-25T22:21:31.390Z] Command:       D:\Node\node.exe C:\Users\Admin\AppData\Roaming\npm\node_modules\firebase-tools\lib\bin\firebase.js init
[debug] [2022-11-25T22:21:31.391Z] CLI Version:   11.16.0
[debug] [2022-11-25T22:21:31.391Z] Platform:      win32
[debug] [2022-11-25T22:21:31.391Z] Node Version:  v18.12.1
[debug] [2022-11-25T22:21:31.392Z] Time:          Fri Nov 25 2022 17:21:31 GMT-0500 (Eastern Standard Time)
[debug] [2022-11-25T22:21:31.393Z] ----------------------------------------------------------------------
[debug] 
[debug] [2022-11-25T22:21:31.397Z] >>> [apiv2][query] GET https://firebase-public.firebaseio.com/cli.json [none]
[debug] [2022-11-25T22:21:31.508Z] > command requires scopes: ["email","openid","https://www.googleapis.com/auth/cloudplatformprojects.readonly","https://www.googleapis.com/auth/firebase","https://www.googleapis.com/auth/cloud-platform"]
[debug] [2022-11-25T22:21:31.508Z] > authorizing via signed-in user (patelrootul1@gmail.com)
[info] 
     ######## #### ########  ######## ########     ###     ######  ########
     ##        ##  ##     ## ##       ##     ##  ##   ##  ##       ##
     ######    ##  ########  ######   ########  #########  ######  ######
     ##        ##  ##    ##  ##       ##     ## ##     ##       ## ##
     ##       #### ##     ## ######## ########  ##     ##  ######  ########

You're about to initialize a Firebase project in this directory:

  D:\Mern\short-video-mern\short-video-frontend

Before we get started, keep in mind:

  * You are initializing within an existing Firebase project directory

[debug] [2022-11-25T22:21:32.166Z] <<< [apiv2][status] GET https://firebase-public.firebaseio.com/cli.json 200
[debug] [2022-11-25T22:21:32.166Z] <<< [apiv2][body] GET https://firebase-public.firebaseio.com/cli.json {"cloudBuildErrorAfter":1594252800000,"cloudBuildWarnAfter":1590019200000,"defaultNode10After":1594252800000,"minVersion":"3.0.5","node8DeploysDisabledAfter":1613390400000,"node8RuntimeDisabledAfter":1615809600000,"node8WarnAfter":1600128000000}
